<?xml version="1.0" encoding="UTF-8"?>
<testsuite xmlns:xsi="http://www.w3.org/2001/XMLSchema-instance" xsi:noNamespaceSchemaLocation="https://maven.apache.org/surefire/maven-surefire-plugin/xsd/surefire-test-report-3.0.xsd" version="3.0" name="esiea.integration.DatabaseAndAPITest" time="0.393" tests="5" errors="0" skipped="0" failures="0">
  <properties>
    <property name="java.specification.version" value="20"/>
    <property name="sun.jnu.encoding" value="UTF-8"/>
    <property name="java.class.path" value="/Users/vinebast/Documents/ESIEA/5a/QA/esieaBack/target/test-classes:/Users/vinebast/Documents/ESIEA/5a/QA/esieaBack/target/classes:/Users/vinebast/.m2/repository/junit/junit/4.13.2/junit-4.13.2.jar:/Users/vinebast/.m2/repository/org/hamcrest/hamcrest-core/1.3/hamcrest-core-1.3.jar:/Users/vinebast/.m2/repository/javax/servlet/javax.servlet-api/3.1.0/javax.servlet-api-3.1.0.jar:/Users/vinebast/.m2/repository/asm/asm/3.3.1/asm-3.3.1.jar:/Users/vinebast/.m2/repository/com/sun/jersey/jersey-bundle/1.19.2/jersey-bundle-1.19.2.jar:/Users/vinebast/.m2/repository/javax/ws/rs/jsr311-api/1.1.1/jsr311-api-1.1.1.jar:/Users/vinebast/.m2/repository/org/json/json/20160810/json-20160810.jar:/Users/vinebast/.m2/repository/com/sun/jersey/jersey-server/1.19.2/jersey-server-1.19.2.jar:/Users/vinebast/.m2/repository/com/sun/jersey/jersey-core/1.19.2/jersey-core-1.19.2.jar:/Users/vinebast/.m2/repository/javax/xml/bind/jaxb-api/2.3.1/jaxb-api-2.3.1.jar:/Users/vinebast/.m2/repository/javax/activation/javax.activation-api/1.2.0/javax.activation-api-1.2.0.jar:/Users/vinebast/.m2/repository/mysql/mysql-connector-java/8.0.25/mysql-connector-java-8.0.25.jar:/Users/vinebast/.m2/repository/com/google/protobuf/protobuf-java/3.11.4/protobuf-java-3.11.4.jar:/Users/vinebast/.m2/repository/com/fasterxml/jackson/core/jackson-databind/2.9.8/jackson-databind-2.9.8.jar:/Users/vinebast/.m2/repository/com/fasterxml/jackson/core/jackson-annotations/2.9.0/jackson-annotations-2.9.0.jar:/Users/vinebast/.m2/repository/com/fasterxml/jackson/core/jackson-core/2.9.8/jackson-core-2.9.8.jar:/Users/vinebast/.m2/repository/log4j/log4j/1.2.17/log4j-1.2.17.jar:/Users/vinebast/.m2/repository/org/mockito/mockito-core/5.6.0/mockito-core-5.6.0.jar:/Users/vinebast/.m2/repository/net/bytebuddy/byte-buddy/1.14.8/byte-buddy-1.14.8.jar:/Users/vinebast/.m2/repository/net/bytebuddy/byte-buddy-agent/1.14.8/byte-buddy-agent-1.14.8.jar:/Users/vinebast/.m2/repository/org/objenesis/objenesis/3.3/objenesis-3.3.jar:"/>
    <property name="java.vm.vendor" value="Oracle Corporation"/>
    <property name="sun.arch.data.model" value="64"/>
    <property name="java.vendor.url" value="https://java.oracle.com/"/>
    <property name="user.timezone" value="Europe/Paris"/>
    <property name="os.name" value="Mac OS X"/>
    <property name="java.vm.specification.version" value="20"/>
    <property name="sun.java.launcher" value="SUN_STANDARD"/>
    <property name="user.country" value="FR"/>
    <property name="sun.boot.library.path" value="/Users/vinebast/Library/Java/JavaVirtualMachines/openjdk-20.0.2/Contents/Home/lib"/>
    <property name="sun.java.command" value="/Users/vinebast/Documents/ESIEA/5a/QA/esieaBack/target/surefire/surefirebooter-20231103111400778_3.jar /Users/vinebast/Documents/ESIEA/5a/QA/esieaBack/target/surefire 2023-11-03T11-14-00_734-jvmRun1 surefire-20231103111400778_1tmp surefire_0-20231103111400778_2tmp"/>
    <property name="http.nonProxyHosts" value="local|*.local|169.254/16|*.169.254/16"/>
    <property name="jdk.debug" value="release"/>
    <property name="surefire.test.class.path" value="/Users/vinebast/Documents/ESIEA/5a/QA/esieaBack/target/test-classes:/Users/vinebast/Documents/ESIEA/5a/QA/esieaBack/target/classes:/Users/vinebast/.m2/repository/junit/junit/4.13.2/junit-4.13.2.jar:/Users/vinebast/.m2/repository/org/hamcrest/hamcrest-core/1.3/hamcrest-core-1.3.jar:/Users/vinebast/.m2/repository/javax/servlet/javax.servlet-api/3.1.0/javax.servlet-api-3.1.0.jar:/Users/vinebast/.m2/repository/asm/asm/3.3.1/asm-3.3.1.jar:/Users/vinebast/.m2/repository/com/sun/jersey/jersey-bundle/1.19.2/jersey-bundle-1.19.2.jar:/Users/vinebast/.m2/repository/javax/ws/rs/jsr311-api/1.1.1/jsr311-api-1.1.1.jar:/Users/vinebast/.m2/repository/org/json/json/20160810/json-20160810.jar:/Users/vinebast/.m2/repository/com/sun/jersey/jersey-server/1.19.2/jersey-server-1.19.2.jar:/Users/vinebast/.m2/repository/com/sun/jersey/jersey-core/1.19.2/jersey-core-1.19.2.jar:/Users/vinebast/.m2/repository/javax/xml/bind/jaxb-api/2.3.1/jaxb-api-2.3.1.jar:/Users/vinebast/.m2/repository/javax/activation/javax.activation-api/1.2.0/javax.activation-api-1.2.0.jar:/Users/vinebast/.m2/repository/mysql/mysql-connector-java/8.0.25/mysql-connector-java-8.0.25.jar:/Users/vinebast/.m2/repository/com/google/protobuf/protobuf-java/3.11.4/protobuf-java-3.11.4.jar:/Users/vinebast/.m2/repository/com/fasterxml/jackson/core/jackson-databind/2.9.8/jackson-databind-2.9.8.jar:/Users/vinebast/.m2/repository/com/fasterxml/jackson/core/jackson-annotations/2.9.0/jackson-annotations-2.9.0.jar:/Users/vinebast/.m2/repository/com/fasterxml/jackson/core/jackson-core/2.9.8/jackson-core-2.9.8.jar:/Users/vinebast/.m2/repository/log4j/log4j/1.2.17/log4j-1.2.17.jar:/Users/vinebast/.m2/repository/org/mockito/mockito-core/5.6.0/mockito-core-5.6.0.jar:/Users/vinebast/.m2/repository/net/bytebuddy/byte-buddy/1.14.8/byte-buddy-1.14.8.jar:/Users/vinebast/.m2/repository/net/bytebuddy/byte-buddy-agent/1.14.8/byte-buddy-agent-1.14.8.jar:/Users/vinebast/.m2/repository/org/objenesis/objenesis/3.3/objenesis-3.3.jar:"/>
    <property name="sun.cpu.endian" value="little"/>
    <property name="user.home" value="/Users/vinebast"/>
    <property name="user.language" value="fr"/>
    <property name="java.specification.vendor" value="Oracle Corporation"/>
    <property name="java.version.date" value="2023-07-18"/>
    <property name="java.home" value="/Users/vinebast/Library/Java/JavaVirtualMachines/openjdk-20.0.2/Contents/Home"/>
    <property name="file.separator" value="/"/>
    <property name="basedir" value="/Users/vinebast/Documents/ESIEA/5a/QA/esieaBack"/>
    <property name="java.vm.compressedOopsMode" value="Zero based"/>
    <property name="line.separator" value="&#10;"/>
    <property name="java.vm.specification.vendor" value="Oracle Corporation"/>
    <property name="java.specification.name" value="Java Platform API Specification"/>
    <property name="apple.awt.application.name" value="ForkedBooter"/>
    <property name="surefire.real.class.path" value="/Users/vinebast/Documents/ESIEA/5a/QA/esieaBack/target/surefire/surefirebooter-20231103111400778_3.jar"/>
    <property name="sun.management.compiler" value="HotSpot 64-Bit Tiered Compilers"/>
    <property name="ftp.nonProxyHosts" value="local|*.local|169.254/16|*.169.254/16"/>
    <property name="java.runtime.version" value="20.0.2+9-78"/>
    <property name="user.name" value="vinebast"/>
    <property name="stdout.encoding" value="UTF-8"/>
    <property name="path.separator" value=":"/>
    <property name="os.version" value="14.1"/>
    <property name="java.runtime.name" value="OpenJDK Runtime Environment"/>
    <property name="file.encoding" value="UTF-8"/>
    <property name="java.vm.name" value="OpenJDK 64-Bit Server VM"/>
    <property name="localRepository" value="/Users/vinebast/.m2/repository"/>
    <property name="java.vendor.url.bug" value="https://bugreport.java.com/bugreport/"/>
    <property name="java.io.tmpdir" value="/var/folders/1k/v9vg4wls26l4bl7l3p0kdnch0000gn/T/"/>
    <property name="java.version" value="20.0.2"/>
    <property name="user.dir" value="/Users/vinebast/Documents/ESIEA/5a/QA/esieaBack"/>
    <property name="os.arch" value="aarch64"/>
    <property name="java.vm.specification.name" value="Java Virtual Machine Specification"/>
    <property name="native.encoding" value="UTF-8"/>
    <property name="java.library.path" value="/Users/vinebast/Library/Java/Extensions:/Library/Java/Extensions:/Network/Library/Java/Extensions:/System/Library/Java/Extensions:/usr/lib/java:."/>
    <property name="java.vm.info" value="mixed mode, sharing"/>
    <property name="stderr.encoding" value="UTF-8"/>
    <property name="java.vendor" value="Oracle Corporation"/>
    <property name="java.vm.version" value="20.0.2+9-78"/>
    <property name="sun.io.unicode.encoding" value="UnicodeBig"/>
    <property name="socksNonProxyHosts" value="local|*.local|169.254/16|*.169.254/16"/>
    <property name="java.class.version" value="64.0"/>
  </properties>
  <testcase name="testVoitureFromJson" classname="esiea.integration.DatabaseAndAPITest" time="0.0"/>
  <testcase name="testToutesVoitures" classname="esiea.integration.DatabaseAndAPITest" time="0.264">
    <system-out><![CDATA[2023-11-03 11:14:01 DEBUG Configuration:31 - Fichier de conf ou contexte : src/main/resources/conf.properties
2023-11-03 11:14:01 DEBUG Configuration:32 - java.io.BufferedInputStream@14b7786
2023-11-03 11:14:01 INFO  Configuration:35 - Chargement du fichier de conf : src/main/resources/conf.properties
2023-11-03 11:14:01 DEBUG Configuration:52 - Lecture de la clé bdd.serveur dans la config
2023-11-03 11:14:01 DEBUG Configuration:57 - Lecture de la cl� bdd.serveur dans la config : localhost
2023-11-03 11:14:01 DEBUG Configuration:52 - Lecture de la clé bdd.port dans la config
2023-11-03 11:14:01 DEBUG Configuration:57 - Lecture de la cl� bdd.port dans la config : 3306
2023-11-03 11:14:01 DEBUG Configuration:52 - Lecture de la clé bdd.nom dans la config
2023-11-03 11:14:01 DEBUG Configuration:57 - Lecture de la cl� bdd.nom dans la config : stockcar
2023-11-03 11:14:01 DEBUG Configuration:52 - Lecture de la clé bdd.utilisateur dans la config
2023-11-03 11:14:01 DEBUG Configuration:57 - Lecture de la cl� bdd.utilisateur dans la config : stockcar
2023-11-03 11:14:01 DEBUG Configuration:52 - Lecture de la clé bdd.mdp dans la config
2023-11-03 11:14:01 DEBUG Configuration:57 - Lecture de la cl� bdd.mdp dans la config : stockcar
2023-11-03 11:14:01 DEBUG VoitureDAO:33 - Connexion � la base OK !com.mysql.cj.jdbc.ConnectionImpl@56928e17
2023-11-03 11:14:01 DEBUG VoitureDAO:33 - Connexion � la base OK !com.mysql.cj.jdbc.ConnectionImpl@56928e17
]]></system-out>
  </testcase>
  <testcase name="testSupprimerVoiture" classname="esiea.integration.DatabaseAndAPITest" time="0.017">
    <system-out><![CDATA[2023-11-03 11:14:02 DEBUG Configuration:52 - Lecture de la clé bdd.serveur dans la config
2023-11-03 11:14:02 DEBUG Configuration:57 - Lecture de la cl� bdd.serveur dans la config : localhost
2023-11-03 11:14:02 DEBUG Configuration:52 - Lecture de la clé bdd.port dans la config
2023-11-03 11:14:02 DEBUG Configuration:57 - Lecture de la cl� bdd.port dans la config : 3306
2023-11-03 11:14:02 DEBUG Configuration:52 - Lecture de la clé bdd.nom dans la config
2023-11-03 11:14:02 DEBUG Configuration:57 - Lecture de la cl� bdd.nom dans la config : stockcar
2023-11-03 11:14:02 DEBUG Configuration:52 - Lecture de la clé bdd.utilisateur dans la config
2023-11-03 11:14:02 DEBUG Configuration:57 - Lecture de la cl� bdd.utilisateur dans la config : stockcar
2023-11-03 11:14:02 DEBUG Configuration:52 - Lecture de la clé bdd.mdp dans la config
2023-11-03 11:14:02 DEBUG Configuration:57 - Lecture de la cl� bdd.mdp dans la config : stockcar
2023-11-03 11:14:02 DEBUG VoitureDAO:33 - Connexion � la base OK !com.mysql.cj.jdbc.ConnectionImpl@5d342959
]]></system-out>
  </testcase>
  <testcase name="testGetVoituresJsonAll" classname="esiea.integration.DatabaseAndAPITest" time="0.095">
    <system-out><![CDATA[2023-11-03 11:14:02 DEBUG Configuration:52 - Lecture de la clé bdd.serveur dans la config
2023-11-03 11:14:02 DEBUG Configuration:57 - Lecture de la cl� bdd.serveur dans la config : localhost
2023-11-03 11:14:02 DEBUG Configuration:52 - Lecture de la clé bdd.port dans la config
2023-11-03 11:14:02 DEBUG Configuration:57 - Lecture de la cl� bdd.port dans la config : 3306
2023-11-03 11:14:02 DEBUG Configuration:52 - Lecture de la clé bdd.nom dans la config
2023-11-03 11:14:02 DEBUG Configuration:57 - Lecture de la cl� bdd.nom dans la config : stockcar
2023-11-03 11:14:02 DEBUG Configuration:52 - Lecture de la clé bdd.utilisateur dans la config
2023-11-03 11:14:02 DEBUG Configuration:57 - Lecture de la cl� bdd.utilisateur dans la config : stockcar
2023-11-03 11:14:02 DEBUG Configuration:52 - Lecture de la clé bdd.mdp dans la config
2023-11-03 11:14:02 DEBUG Configuration:57 - Lecture de la cl� bdd.mdp dans la config : stockcar
2023-11-03 11:14:02 DEBUG VoitureDAO:33 - Connexion � la base OK !com.mysql.cj.jdbc.ConnectionImpl@79aee22a
2023-11-03 11:14:02 DEBUG VoitureDAO:33 - Connexion � la base OK !com.mysql.cj.jdbc.ConnectionImpl@79aee22a
]]></system-out>
  </testcase>
  <testcase name="testAjouterVoiture" classname="esiea.integration.DatabaseAndAPITest" time="0.015">
    <system-out><![CDATA[2023-11-03 11:14:02 DEBUG Configuration:52 - Lecture de la clé bdd.serveur dans la config
2023-11-03 11:14:02 DEBUG Configuration:57 - Lecture de la cl� bdd.serveur dans la config : localhost
2023-11-03 11:14:02 DEBUG Configuration:52 - Lecture de la clé bdd.port dans la config
2023-11-03 11:14:02 DEBUG Configuration:57 - Lecture de la cl� bdd.port dans la config : 3306
2023-11-03 11:14:02 DEBUG Configuration:52 - Lecture de la clé bdd.nom dans la config
2023-11-03 11:14:02 DEBUG Configuration:57 - Lecture de la cl� bdd.nom dans la config : stockcar
2023-11-03 11:14:02 DEBUG Configuration:52 - Lecture de la clé bdd.utilisateur dans la config
2023-11-03 11:14:02 DEBUG Configuration:57 - Lecture de la cl� bdd.utilisateur dans la config : stockcar
2023-11-03 11:14:02 DEBUG Configuration:52 - Lecture de la clé bdd.mdp dans la config
2023-11-03 11:14:02 DEBUG Configuration:57 - Lecture de la cl� bdd.mdp dans la config : stockcar
2023-11-03 11:14:02 DEBUG VoitureDAO:33 - Connexion � la base OK !com.mysql.cj.jdbc.ConnectionImpl@2c829dbc
]]></system-out>
  </testcase>
</testsuite>